/n/holylabs/LABS/hlakkaraju_lab/Users/lilliansun/cs2281_synthetic_data /n/holylabs/LABS/hlakkaraju_lab/Users/lilliansun/cs2281_synthetic_data
/n/holylabs/LABS/hlakkaraju_lab/Users/lilliansun/cs2281_synthetic_data /n/holylabs/LABS/hlakkaraju_lab/Users/lilliansun/cs2281_synthetic_data /n/holylabs/LABS/hlakkaraju_lab/Users/lilliansun/cs2281_synthetic_data
Running finetuning_summarization_no_eval.py
Saving results to results/summarization/t5-base_1_no_eval_seed_1
Number of GPUs available: 1
GPU 0: NVIDIA H100 80GB HBM3
Model name: google/flan-t5-base
Output directory: results/summarization/
Scratch directory: /n/netscratch/hlakkaraju_lab/Everyone/lilliansun/synthetic_data/
Unique save name: t5-base_1_no_eval_seed_1
Dataset proportion: 1.0
Summarization train filepath: synthetic/summary_train.csv
Summarization val filepath: synthetic/summary_val.csv
Summarization test filepath: synthetic/summary_test.csv
Batch size: 8
Evaluation steps: 40
Random seed: 1
Random test: 0.13436424411240122
Numpy test: 0.417022004702574
Torch test: 0.7576315999031067
Size of input_ids tensor: torch.Size([3000]), dtype: torch.int64
Actual sequence length: 542
Size of input_ids tensor: torch.Size([2736]), dtype: torch.int64
Actual sequence length: 293
Size of input_ids tensor: torch.Size([3000]), dtype: torch.int64
Actual sequence length: 965
{'loss': 9.6476, 'grad_norm': 8.937278747558594, 'learning_rate': 4.769850402761795e-05, 'epoch': 0.05}
{'loss': 2.1233, 'grad_norm': 6.551455974578857, 'learning_rate': 4.539700805523591e-05, 'epoch': 0.09}
{'loss': 1.2111, 'grad_norm': 0.9713242053985596, 'learning_rate': 4.3095512082853856e-05, 'epoch': 0.14}
{'loss': 1.0153, 'grad_norm': 0.5288525223731995, 'learning_rate': 4.079401611047181e-05, 'epoch': 0.18}
{'loss': 0.9758, 'grad_norm': 0.47713080048561096, 'learning_rate': 3.849252013808976e-05, 'epoch': 0.23}
{'loss': 0.957, 'grad_norm': 0.4498749375343323, 'learning_rate': 3.619102416570771e-05, 'epoch': 0.28}
{'loss': 0.9449, 'grad_norm': 0.48476576805114746, 'learning_rate': 3.3889528193325666e-05, 'epoch': 0.32}
{'loss': 0.9444, 'grad_norm': 0.4352789521217346, 'learning_rate': 3.1588032220943615e-05, 'epoch': 0.37}
{'loss': 0.9448, 'grad_norm': 0.4652225077152252, 'learning_rate': 2.9286536248561568e-05, 'epoch': 0.41}
{'loss': 0.9347, 'grad_norm': 0.4749229848384857, 'learning_rate': 2.698504027617952e-05, 'epoch': 0.46}
{'loss': 0.9479, 'grad_norm': 0.5136529207229614, 'learning_rate': 2.468354430379747e-05, 'epoch': 0.51}
{'loss': 0.9289, 'grad_norm': 0.4616231322288513, 'learning_rate': 2.238204833141542e-05, 'epoch': 0.55}
{'loss': 0.9173, 'grad_norm': 0.4653819799423218, 'learning_rate': 2.008055235903337e-05, 'epoch': 0.6}
{'loss': 0.9293, 'grad_norm': 0.4724224805831909, 'learning_rate': 1.7779056386651323e-05, 'epoch': 0.64}
{'loss': 0.912, 'grad_norm': 0.4740557372570038, 'learning_rate': 1.5477560414269276e-05, 'epoch': 0.69}
{'loss': 0.9127, 'grad_norm': 0.47839629650115967, 'learning_rate': 1.3176064441887228e-05, 'epoch': 0.74}
{'loss': 0.9136, 'grad_norm': 0.44709688425064087, 'learning_rate': 1.0874568469505179e-05, 'epoch': 0.78}
{'loss': 0.9112, 'grad_norm': 0.43902963399887085, 'learning_rate': 8.57307249712313e-06, 'epoch': 0.83}
{'loss': 0.9096, 'grad_norm': 0.4435519874095917, 'learning_rate': 6.271576524741082e-06, 'epoch': 0.87}
{'loss': 0.913, 'grad_norm': 0.43567508459091187, 'learning_rate': 3.970080552359034e-06, 'epoch': 0.92}
{'loss': 0.9116, 'grad_norm': 0.5289057493209839, 'learning_rate': 1.668584579976985e-06, 'epoch': 0.97}
{'train_runtime': 5987.3582, 'train_samples_per_second': 4.645, 'train_steps_per_second': 0.145, 'train_loss': 1.4026706857977582, 'epoch': 1.0}
DONE
