/n/holylabs/LABS/hlakkaraju_lab/Users/lilliansun/cs2281_synthetic_data /n/holylabs/LABS/hlakkaraju_lab/Users/lilliansun/cs2281_synthetic_data
/n/holylabs/LABS/hlakkaraju_lab/Users/lilliansun/cs2281_synthetic_data /n/holylabs/LABS/hlakkaraju_lab/Users/lilliansun/cs2281_synthetic_data /n/holylabs/LABS/hlakkaraju_lab/Users/lilliansun/cs2281_synthetic_data
Running finetuning_qna_no_eval.py
Saving results to results/qna/t5-large_1_no_eval
Number of GPUs available: 1
GPU 0: NVIDIA H100 80GB HBM3
Model name: google/flan-t5-large
Output directory: results/qna/
Scratch directory: /n/netscratch/hlakkaraju_lab/Everyone/lilliansun/synthetic_data/qna/
Unique save name: t5-large_1_no_eval
Dataset proportion: 1.0
Q&A train filepath: synthetic/qna_train.csv
Q&A val filepath: synthetic/qna_val.csv
Q&A test filepath: synthetic/qna_test.csv
Batch size: 8
Evaluation steps: 40
Size of input_ids tensor: torch.Size([340]), dtype: torch.int64
Actual sequence length: 239
Size of input_ids tensor: torch.Size([332]), dtype: torch.int64
Actual sequence length: 332
Size of input_ids tensor: torch.Size([305]), dtype: torch.int64
Actual sequence length: 227
{'loss': 0.3471, 'grad_norm': 2.500643253326416, 'learning_rate': 4.839615076182839e-05, 'epoch': 0.03}
{'loss': 0.2101, 'grad_norm': 3.809086799621582, 'learning_rate': 4.679230152365678e-05, 'epoch': 0.06}
{'loss': 0.2067, 'grad_norm': 31.094411849975586, 'learning_rate': 4.518845228548517e-05, 'epoch': 0.1}
{'loss': 0.5342, 'grad_norm': 24.21724510192871, 'learning_rate': 4.358460304731356e-05, 'epoch': 0.13}
{'loss': 0.5426, 'grad_norm': 17.100811004638672, 'learning_rate': 4.1980753809141946e-05, 'epoch': 0.16}
{'loss': 0.5488, 'grad_norm': 111.18243408203125, 'learning_rate': 4.037690457097033e-05, 'epoch': 0.19}
{'loss': 0.5413, 'grad_norm': 23.81897735595703, 'learning_rate': 3.8773055332798716e-05, 'epoch': 0.22}
