/n/holylabs/LABS/hlakkaraju_lab/Users/lilliansun/cs2281_synthetic_data /n/holylabs/LABS/hlakkaraju_lab/Users/lilliansun/cs2281_synthetic_data
/n/holylabs/LABS/hlakkaraju_lab/Users/lilliansun/cs2281_synthetic_data /n/holylabs/LABS/hlakkaraju_lab/Users/lilliansun/cs2281_synthetic_data /n/holylabs/LABS/hlakkaraju_lab/Users/lilliansun/cs2281_synthetic_data
Running finetuning_summarization_no_eval.py
Saving results to results/summarization/t5-large_1_no_eval_seed_1
Number of GPUs available: 1
GPU 0: NVIDIA H100 80GB HBM3
Model name: google/flan-t5-large
Output directory: results/summarization/
Scratch directory: /n/netscratch/hlakkaraju_lab/Everyone/lilliansun/synthetic_data/
Unique save name: t5-large_1_no_eval_seed_1
Dataset proportion: 1.0
Summarization train filepath: synthetic/summary_train.csv
Summarization val filepath: synthetic/summary_val.csv
Summarization test filepath: synthetic/summary_test.csv
Batch size: 8
Evaluation steps: 40
Random seed: 1
Random test: 0.13436424411240122
Numpy test: 0.417022004702574
Torch test: 0.7576315999031067
Size of input_ids tensor: torch.Size([3000]), dtype: torch.int64
Actual sequence length: 542
Size of input_ids tensor: torch.Size([2736]), dtype: torch.int64
Actual sequence length: 293
Size of input_ids tensor: torch.Size([3000]), dtype: torch.int64
Actual sequence length: 965
{'loss': 10.0584, 'grad_norm': 38.14179611206055, 'learning_rate': 4.769850402761795e-05, 'epoch': 0.05}
{'loss': 2.1888, 'grad_norm': 1.3033740520477295, 'learning_rate': 4.539700805523591e-05, 'epoch': 0.09}
{'loss': 0.8486, 'grad_norm': 0.4058326184749603, 'learning_rate': 4.3095512082853856e-05, 'epoch': 0.14}
{'loss': 0.7865, 'grad_norm': 0.41304370760917664, 'learning_rate': 4.079401611047181e-05, 'epoch': 0.18}
{'loss': 0.764, 'grad_norm': 0.378799706697464, 'learning_rate': 3.849252013808976e-05, 'epoch': 0.23}
{'loss': 0.7528, 'grad_norm': 0.3733845353126526, 'learning_rate': 3.619102416570771e-05, 'epoch': 0.28}
{'loss': 0.7405, 'grad_norm': 0.3796462416648865, 'learning_rate': 3.3889528193325666e-05, 'epoch': 0.32}
{'loss': 0.7416, 'grad_norm': 0.34834176301956177, 'learning_rate': 3.1588032220943615e-05, 'epoch': 0.37}
{'loss': 0.7419, 'grad_norm': 0.4031946659088135, 'learning_rate': 2.9286536248561568e-05, 'epoch': 0.41}
{'loss': 0.7324, 'grad_norm': 0.3601264953613281, 'learning_rate': 2.698504027617952e-05, 'epoch': 0.46}
{'loss': 0.7415, 'grad_norm': 0.3740309178829193, 'learning_rate': 2.468354430379747e-05, 'epoch': 0.51}
{'loss': 0.7308, 'grad_norm': 0.3545450270175934, 'learning_rate': 2.238204833141542e-05, 'epoch': 0.55}
{'loss': 0.7163, 'grad_norm': 0.36834102869033813, 'learning_rate': 2.008055235903337e-05, 'epoch': 0.6}
{'loss': 0.7358, 'grad_norm': 0.553132176399231, 'learning_rate': 1.7779056386651323e-05, 'epoch': 0.64}
{'loss': 0.7116, 'grad_norm': 0.3612383306026459, 'learning_rate': 1.5477560414269276e-05, 'epoch': 0.69}
{'loss': 0.713, 'grad_norm': 0.5022280216217041, 'learning_rate': 1.3176064441887228e-05, 'epoch': 0.74}
{'loss': 0.7135, 'grad_norm': 0.3654008209705353, 'learning_rate': 1.0874568469505179e-05, 'epoch': 0.78}
{'loss': 0.7097, 'grad_norm': 0.5350708365440369, 'learning_rate': 8.57307249712313e-06, 'epoch': 0.83}
{'loss': 0.711, 'grad_norm': 0.3414726257324219, 'learning_rate': 6.271576524741082e-06, 'epoch': 0.87}
{'loss': 0.711, 'grad_norm': 0.37313881516456604, 'learning_rate': 3.970080552359034e-06, 'epoch': 0.92}
{'loss': 0.7135, 'grad_norm': 0.40608149766921997, 'learning_rate': 1.668584579976985e-06, 'epoch': 0.97}
{'train_runtime': 17599.7124, 'train_samples_per_second': 1.58, 'train_steps_per_second': 0.049, 'train_loss': 1.2328759227441013, 'epoch': 1.0}
DONE
