/n/holylabs/LABS/hlakkaraju_lab/Users/lilliansun/cs2281_synthetic_data /n/holylabs/LABS/hlakkaraju_lab/Users/lilliansun/cs2281_synthetic_data
/n/holylabs/LABS/hlakkaraju_lab/Users/lilliansun/cs2281_synthetic_data /n/holylabs/LABS/hlakkaraju_lab/Users/lilliansun/cs2281_synthetic_data /n/holylabs/LABS/hlakkaraju_lab/Users/lilliansun/cs2281_synthetic_data
Running finetuning_summarization_no_eval.py
Saving results to results/summarization/t5-large_1_no_eval_seed_3
Number of GPUs available: 1
GPU 0: NVIDIA H100 80GB HBM3
Model name: google/flan-t5-large
Output directory: results/summarization/
Scratch directory: /n/netscratch/hlakkaraju_lab/Everyone/lilliansun/synthetic_data/
Unique save name: t5-large_1_no_eval_seed_3
Dataset proportion: 1.0
Summarization train filepath: synthetic/summary_train.csv
Summarization val filepath: synthetic/summary_val.csv
Summarization test filepath: synthetic/summary_test.csv
Batch size: 8
Evaluation steps: 40
Random seed: 3
Random test: 0.23796462709189137
Numpy test: 0.5507979025745755
Torch test: 0.004263520240783691
Size of input_ids tensor: torch.Size([3000]), dtype: torch.int64
Actual sequence length: 542
Size of input_ids tensor: torch.Size([2736]), dtype: torch.int64
Actual sequence length: 293
Size of input_ids tensor: torch.Size([3000]), dtype: torch.int64
Actual sequence length: 965
{'loss': 10.1731, 'grad_norm': 29.00244903564453, 'learning_rate': 4.769850402761795e-05, 'epoch': 0.05}
{'loss': 1.8447, 'grad_norm': 0.9870298504829407, 'learning_rate': 4.539700805523591e-05, 'epoch': 0.09}
{'loss': 0.8353, 'grad_norm': 1.0365389585494995, 'learning_rate': 4.3095512082853856e-05, 'epoch': 0.14}
{'loss': 0.7917, 'grad_norm': 0.37658387422561646, 'learning_rate': 4.079401611047181e-05, 'epoch': 0.18}
{'loss': 0.7657, 'grad_norm': 0.393187552690506, 'learning_rate': 3.849252013808976e-05, 'epoch': 0.23}
{'loss': 0.7636, 'grad_norm': 0.3593055307865143, 'learning_rate': 3.619102416570771e-05, 'epoch': 0.28}
{'loss': 0.7464, 'grad_norm': 0.42651817202568054, 'learning_rate': 3.3889528193325666e-05, 'epoch': 0.32}
{'loss': 0.7421, 'grad_norm': 0.3565272092819214, 'learning_rate': 3.1588032220943615e-05, 'epoch': 0.37}
{'loss': 0.7319, 'grad_norm': 0.41261404752731323, 'learning_rate': 2.9286536248561568e-05, 'epoch': 0.41}
