/n/holylabs/LABS/hlakkaraju_lab/Users/lilliansun/cs2281_synthetic_data /n/holylabs/LABS/hlakkaraju_lab/Users/lilliansun/cs2281_synthetic_data
/n/holylabs/LABS/hlakkaraju_lab/Users/lilliansun/cs2281_synthetic_data /n/holylabs/LABS/hlakkaraju_lab/Users/lilliansun/cs2281_synthetic_data /n/holylabs/LABS/hlakkaraju_lab/Users/lilliansun/cs2281_synthetic_data
Running finetuning_summarization_no_eval_human.py
Saving results to results/summarization/t5-small_1_no_eval_human_seed_2
Number of GPUs available: 1
GPU 0: NVIDIA H100 80GB HBM3
Model name: google/flan-t5-small
Output directory: results/summarization/
Scratch directory: /n/netscratch/hlakkaraju_lab/Everyone/lilliansun/synthetic_data/
Unique save name: t5-small_1_no_eval_human_seed_2
Dataset proportion: 1.0
Summarization train filepath: synthetic/summary_train.csv
Summarization val filepath: synthetic/summary_val.csv
Summarization test filepath: synthetic/summary_test.csv
Batch size: 8
Evaluation steps: 40
Random seed: 2
Random test: 0.9560342718892494
Numpy test: 0.43599490214200376
Torch test: 0.6146950721740723
Size of input_ids tensor: torch.Size([3000]), dtype: torch.int64
Actual sequence length: 542
Size of input_ids tensor: torch.Size([2736]), dtype: torch.int64
Actual sequence length: 293
Size of input_ids tensor: torch.Size([3000]), dtype: torch.int64
Actual sequence length: 965
{'loss': 21.7012, 'grad_norm': 43.87771987915039, 'learning_rate': 4.769850402761795e-05, 'epoch': 0.05}
{'loss': 5.5316, 'grad_norm': 19.752201080322266, 'learning_rate': 4.539700805523591e-05, 'epoch': 0.09}
{'loss': 3.5586, 'grad_norm': 19.092632293701172, 'learning_rate': 4.3095512082853856e-05, 'epoch': 0.14}
{'loss': 2.8431, 'grad_norm': 21.16767120361328, 'learning_rate': 4.079401611047181e-05, 'epoch': 0.18}
{'loss': 2.2345, 'grad_norm': 21.718488693237305, 'learning_rate': 3.849252013808976e-05, 'epoch': 0.23}
{'loss': 1.7191, 'grad_norm': 19.335601806640625, 'learning_rate': 3.619102416570771e-05, 'epoch': 0.28}
{'loss': 1.3136, 'grad_norm': 14.92216968536377, 'learning_rate': 3.3889528193325666e-05, 'epoch': 0.32}
{'loss': 1.0431, 'grad_norm': 10.312442779541016, 'learning_rate': 3.1588032220943615e-05, 'epoch': 0.37}
{'loss': 0.8785, 'grad_norm': 6.6217145919799805, 'learning_rate': 2.9286536248561568e-05, 'epoch': 0.41}
{'loss': 0.7684, 'grad_norm': 4.020134925842285, 'learning_rate': 2.698504027617952e-05, 'epoch': 0.46}
{'loss': 0.7153, 'grad_norm': 2.7512221336364746, 'learning_rate': 2.468354430379747e-05, 'epoch': 0.51}
{'loss': 0.6695, 'grad_norm': 1.973114252090454, 'learning_rate': 2.238204833141542e-05, 'epoch': 0.55}
{'loss': 0.6403, 'grad_norm': 1.3151053190231323, 'learning_rate': 2.008055235903337e-05, 'epoch': 0.6}
{'loss': 0.6269, 'grad_norm': 1.0114529132843018, 'learning_rate': 1.7779056386651323e-05, 'epoch': 0.64}
{'loss': 0.6114, 'grad_norm': 0.8390287756919861, 'learning_rate': 1.5477560414269276e-05, 'epoch': 0.69}
{'loss': 0.6139, 'grad_norm': 0.7200122475624084, 'learning_rate': 1.3176064441887228e-05, 'epoch': 0.74}
{'loss': 0.6056, 'grad_norm': 0.6652457118034363, 'learning_rate': 1.0874568469505179e-05, 'epoch': 0.78}
{'loss': 0.5953, 'grad_norm': 0.5892829895019531, 'learning_rate': 8.57307249712313e-06, 'epoch': 0.83}
{'loss': 0.5944, 'grad_norm': 0.6066401600837708, 'learning_rate': 6.271576524741082e-06, 'epoch': 0.87}
{'loss': 0.5946, 'grad_norm': 0.5546014904975891, 'learning_rate': 3.970080552359034e-06, 'epoch': 0.92}
{'loss': 0.5991, 'grad_norm': 0.6063230633735657, 'learning_rate': 1.668584579976985e-06, 'epoch': 0.97}
{'train_runtime': 1881.73, 'train_samples_per_second': 14.781, 'train_steps_per_second': 0.462, 'train_loss': 2.250220407413531, 'epoch': 1.0}
DONE
