/n/holylabs/LABS/hlakkaraju_lab/Users/lilliansun/cs2281_synthetic_data /n/holylabs/LABS/hlakkaraju_lab/Users/lilliansun/cs2281_synthetic_data
/n/holylabs/LABS/hlakkaraju_lab/Users/lilliansun/cs2281_synthetic_data /n/holylabs/LABS/hlakkaraju_lab/Users/lilliansun/cs2281_synthetic_data /n/holylabs/LABS/hlakkaraju_lab/Users/lilliansun/cs2281_synthetic_data
Running finetuning_summarization_no_eval_human.py
Saving results to results/summarization/t5-base_1_no_eval_human_seed_3
Number of GPUs available: 1
GPU 0: NVIDIA H100 80GB HBM3
Model name: google/flan-t5-base
Output directory: results/summarization/
Scratch directory: /n/netscratch/hlakkaraju_lab/Everyone/lilliansun/synthetic_data/
Unique save name: t5-base_1_no_eval_human_seed_3
Dataset proportion: 1.0
Summarization train filepath: synthetic/summary_train.csv
Summarization val filepath: synthetic/summary_val.csv
Summarization test filepath: synthetic/summary_test.csv
Batch size: 8
Evaluation steps: 40
Random seed: 3
Random test: 0.23796462709189137
Numpy test: 0.5507979025745755
Torch test: 0.004263520240783691
Size of input_ids tensor: torch.Size([3000]), dtype: torch.int64
Actual sequence length: 542
Size of input_ids tensor: torch.Size([2736]), dtype: torch.int64
Actual sequence length: 293
Size of input_ids tensor: torch.Size([3000]), dtype: torch.int64
Actual sequence length: 965
{'loss': 14.4851, 'grad_norm': 12.469839096069336, 'learning_rate': 4.769850402761795e-05, 'epoch': 0.05}
{'loss': 2.2395, 'grad_norm': 8.913924217224121, 'learning_rate': 4.539700805523591e-05, 'epoch': 0.09}
{'loss': 0.7234, 'grad_norm': 0.902212917804718, 'learning_rate': 4.3095512082853856e-05, 'epoch': 0.14}
{'loss': 0.521, 'grad_norm': 0.42363816499710083, 'learning_rate': 4.079401611047181e-05, 'epoch': 0.18}
{'loss': 0.4986, 'grad_norm': 0.3368850648403168, 'learning_rate': 3.849252013808976e-05, 'epoch': 0.23}
{'loss': 0.4999, 'grad_norm': 0.2877591550350189, 'learning_rate': 3.619102416570771e-05, 'epoch': 0.28}
{'loss': 0.4906, 'grad_norm': 0.387430876493454, 'learning_rate': 3.3889528193325666e-05, 'epoch': 0.32}
{'loss': 0.4926, 'grad_norm': 0.2655610144138336, 'learning_rate': 3.1588032220943615e-05, 'epoch': 0.37}
{'loss': 0.489, 'grad_norm': 0.27879658341407776, 'learning_rate': 2.9286536248561568e-05, 'epoch': 0.41}
{'loss': 0.4748, 'grad_norm': 0.28073105216026306, 'learning_rate': 2.698504027617952e-05, 'epoch': 0.46}
{'loss': 0.4898, 'grad_norm': 0.30228447914123535, 'learning_rate': 2.468354430379747e-05, 'epoch': 0.51}
{'loss': 0.4868, 'grad_norm': 0.3125777244567871, 'learning_rate': 2.238204833141542e-05, 'epoch': 0.55}
{'loss': 0.4821, 'grad_norm': 0.6629892587661743, 'learning_rate': 2.008055235903337e-05, 'epoch': 0.6}
{'loss': 0.481, 'grad_norm': 0.25980666279792786, 'learning_rate': 1.7779056386651323e-05, 'epoch': 0.64}
{'loss': 0.4821, 'grad_norm': 0.2671303153038025, 'learning_rate': 1.5477560414269276e-05, 'epoch': 0.69}
{'loss': 0.4788, 'grad_norm': 0.34351739287376404, 'learning_rate': 1.3176064441887228e-05, 'epoch': 0.74}
{'loss': 0.48, 'grad_norm': 0.27990812063217163, 'learning_rate': 1.0874568469505179e-05, 'epoch': 0.78}
{'loss': 0.4842, 'grad_norm': 0.27265816926956177, 'learning_rate': 8.57307249712313e-06, 'epoch': 0.83}
{'loss': 0.4819, 'grad_norm': 0.2664216160774231, 'learning_rate': 6.271576524741082e-06, 'epoch': 0.87}
{'loss': 0.4789, 'grad_norm': 0.2856893241405487, 'learning_rate': 3.970080552359034e-06, 'epoch': 0.92}
{'loss': 0.4842, 'grad_norm': 0.32363027334213257, 'learning_rate': 1.668584579976985e-06, 'epoch': 0.97}
{'train_runtime': 6115.3858, 'train_samples_per_second': 4.548, 'train_steps_per_second': 0.142, 'train_loss': 1.2230187011121743, 'epoch': 1.0}
DONE
