/n/holylabs/LABS/hlakkaraju_lab/Users/lilliansun/cs2281_synthetic_data /n/holylabs/LABS/hlakkaraju_lab/Users/lilliansun/cs2281_synthetic_data
/n/holylabs/LABS/hlakkaraju_lab/Users/lilliansun/cs2281_synthetic_data /n/holylabs/LABS/hlakkaraju_lab/Users/lilliansun/cs2281_synthetic_data /n/holylabs/LABS/hlakkaraju_lab/Users/lilliansun/cs2281_synthetic_data
Running finetuning_summarization_no_eval.py
Saving results to results/summarization/t5-large_1_no_eval_seed_2
Number of GPUs available: 1
GPU 0: NVIDIA H100 80GB HBM3
Model name: google/flan-t5-large
Output directory: results/summarization/
Scratch directory: /n/netscratch/hlakkaraju_lab/Everyone/lilliansun/synthetic_data/
Unique save name: t5-large_1_no_eval_seed_2
Dataset proportion: 1.0
Summarization train filepath: synthetic/summary_train.csv
Summarization val filepath: synthetic/summary_val.csv
Summarization test filepath: synthetic/summary_test.csv
Batch size: 8
Evaluation steps: 40
Random seed: 2
Random test: 0.9560342718892494
Numpy test: 0.43599490214200376
Torch test: 0.6146950721740723
Size of input_ids tensor: torch.Size([3000]), dtype: torch.int64
Actual sequence length: 542
Size of input_ids tensor: torch.Size([2736]), dtype: torch.int64
Actual sequence length: 293
Size of input_ids tensor: torch.Size([3000]), dtype: torch.int64
Actual sequence length: 965
{'loss': 11.0145, 'grad_norm': 31.31695556640625, 'learning_rate': 4.769850402761795e-05, 'epoch': 0.05}
{'loss': 2.6195, 'grad_norm': 1.787699580192566, 'learning_rate': 4.539700805523591e-05, 'epoch': 0.09}
{'loss': 0.8603, 'grad_norm': 0.40502017736434937, 'learning_rate': 4.3095512082853856e-05, 'epoch': 0.14}
{'loss': 0.7947, 'grad_norm': 0.3807062804698944, 'learning_rate': 4.079401611047181e-05, 'epoch': 0.18}
{'loss': 0.764, 'grad_norm': 0.3728892505168915, 'learning_rate': 3.849252013808976e-05, 'epoch': 0.23}
{'loss': 0.7683, 'grad_norm': 0.45656317472457886, 'learning_rate': 3.619102416570771e-05, 'epoch': 0.28}
{'loss': 0.7538, 'grad_norm': 0.399844765663147, 'learning_rate': 3.3889528193325666e-05, 'epoch': 0.32}
{'loss': 0.7471, 'grad_norm': 0.3676191568374634, 'learning_rate': 3.1588032220943615e-05, 'epoch': 0.37}
{'loss': 0.7325, 'grad_norm': 0.39752456545829773, 'learning_rate': 2.9286536248561568e-05, 'epoch': 0.41}
{'loss': 0.7374, 'grad_norm': 0.40145784616470337, 'learning_rate': 2.698504027617952e-05, 'epoch': 0.46}
{'loss': 0.7293, 'grad_norm': 0.41691920161247253, 'learning_rate': 2.468354430379747e-05, 'epoch': 0.51}
{'loss': 0.7243, 'grad_norm': 0.7236744165420532, 'learning_rate': 2.238204833141542e-05, 'epoch': 0.55}
{'loss': 0.7138, 'grad_norm': 0.41331353783607483, 'learning_rate': 2.008055235903337e-05, 'epoch': 0.6}
{'loss': 0.7243, 'grad_norm': 0.34517529606819153, 'learning_rate': 1.7779056386651323e-05, 'epoch': 0.64}
{'loss': 0.7129, 'grad_norm': 0.4179731011390686, 'learning_rate': 1.5477560414269276e-05, 'epoch': 0.69}
{'loss': 0.7181, 'grad_norm': 0.3564225733280182, 'learning_rate': 1.3176064441887228e-05, 'epoch': 0.74}
{'loss': 0.7132, 'grad_norm': 0.4075959026813507, 'learning_rate': 1.0874568469505179e-05, 'epoch': 0.78}
{'loss': 0.711, 'grad_norm': 0.40878036618232727, 'learning_rate': 8.57307249712313e-06, 'epoch': 0.83}
{'loss': 0.706, 'grad_norm': 0.3593807518482208, 'learning_rate': 6.271576524741082e-06, 'epoch': 0.87}
{'loss': 0.7066, 'grad_norm': 1.1895383596420288, 'learning_rate': 3.970080552359034e-06, 'epoch': 0.92}
{'loss': 0.7124, 'grad_norm': 0.39252427220344543, 'learning_rate': 1.668584579976985e-06, 'epoch': 0.97}
{'train_runtime': 17568.5391, 'train_samples_per_second': 1.583, 'train_steps_per_second': 0.049, 'train_loss': 1.2973006482228586, 'epoch': 1.0}
DONE
