/n/holylabs/LABS/hlakkaraju_lab/Users/lilliansun/cs2281_synthetic_data /n/holylabs/LABS/hlakkaraju_lab/Users/lilliansun/cs2281_synthetic_data
/n/holylabs/LABS/hlakkaraju_lab/Users/lilliansun/cs2281_synthetic_data /n/holylabs/LABS/hlakkaraju_lab/Users/lilliansun/cs2281_synthetic_data /n/holylabs/LABS/hlakkaraju_lab/Users/lilliansun/cs2281_synthetic_data
Running finetuning_summarization_no_eval.py
Saving results to results/summarization/t5-small_1_no_eval_seed_3
Number of GPUs available: 1
GPU 0: NVIDIA H100 80GB HBM3
Model name: google/flan-t5-small
Output directory: results/summarization/
Scratch directory: /n/netscratch/hlakkaraju_lab/Everyone/lilliansun/synthetic_data/
Unique save name: t5-small_1_no_eval_seed_3
Dataset proportion: 1.0
Summarization train filepath: synthetic/summary_train.csv
Summarization val filepath: synthetic/summary_val.csv
Summarization test filepath: synthetic/summary_test.csv
Batch size: 8
Evaluation steps: 40
Random seed: 3
Random test: 0.23796462709189137
Numpy test: 0.5507979025745755
Torch test: 0.004263520240783691
Size of input_ids tensor: torch.Size([3000]), dtype: torch.int64
Actual sequence length: 542
Size of input_ids tensor: torch.Size([2736]), dtype: torch.int64
Actual sequence length: 293
Size of input_ids tensor: torch.Size([3000]), dtype: torch.int64
Actual sequence length: 965
{'loss': 11.9485, 'grad_norm': 13.410914421081543, 'learning_rate': 4.769850402761795e-05, 'epoch': 0.05}
{'loss': 4.0729, 'grad_norm': 9.363407135009766, 'learning_rate': 4.539700805523591e-05, 'epoch': 0.09}
{'loss': 3.0127, 'grad_norm': 11.179329872131348, 'learning_rate': 4.3095512082853856e-05, 'epoch': 0.14}
{'loss': 2.6267, 'grad_norm': 13.081849098205566, 'learning_rate': 4.079401611047181e-05, 'epoch': 0.18}
{'loss': 2.2823, 'grad_norm': 12.738336563110352, 'learning_rate': 3.849252013808976e-05, 'epoch': 0.23}
{'loss': 2.0071, 'grad_norm': 12.823795318603516, 'learning_rate': 3.619102416570771e-05, 'epoch': 0.28}
{'loss': 1.7518, 'grad_norm': 10.009496688842773, 'learning_rate': 3.3889528193325666e-05, 'epoch': 0.32}
{'loss': 1.5859, 'grad_norm': 7.283748149871826, 'learning_rate': 3.1588032220943615e-05, 'epoch': 0.37}
{'loss': 1.457, 'grad_norm': 5.228252410888672, 'learning_rate': 2.9286536248561568e-05, 'epoch': 0.41}
{'loss': 1.3752, 'grad_norm': 3.9629640579223633, 'learning_rate': 2.698504027617952e-05, 'epoch': 0.46}
{'loss': 1.328, 'grad_norm': 2.5902037620544434, 'learning_rate': 2.468354430379747e-05, 'epoch': 0.51}
{'loss': 1.2887, 'grad_norm': 1.8835960626602173, 'learning_rate': 2.238204833141542e-05, 'epoch': 0.55}
{'loss': 1.2603, 'grad_norm': 1.4753082990646362, 'learning_rate': 2.008055235903337e-05, 'epoch': 0.6}
{'loss': 1.2432, 'grad_norm': 1.1567915678024292, 'learning_rate': 1.7779056386651323e-05, 'epoch': 0.64}
{'loss': 1.2206, 'grad_norm': 1.0018008947372437, 'learning_rate': 1.5477560414269276e-05, 'epoch': 0.69}
{'loss': 1.2132, 'grad_norm': 0.8652663230895996, 'learning_rate': 1.3176064441887228e-05, 'epoch': 0.74}
{'loss': 1.201, 'grad_norm': 0.8187561631202698, 'learning_rate': 1.0874568469505179e-05, 'epoch': 0.78}
{'loss': 1.2125, 'grad_norm': 0.775254487991333, 'learning_rate': 8.57307249712313e-06, 'epoch': 0.83}
{'loss': 1.2026, 'grad_norm': 0.7558894157409668, 'learning_rate': 6.271576524741082e-06, 'epoch': 0.87}
{'loss': 1.1875, 'grad_norm': 0.6992874145507812, 'learning_rate': 3.970080552359034e-06, 'epoch': 0.92}
{'loss': 1.2033, 'grad_norm': 0.7226570248603821, 'learning_rate': 1.668584579976985e-06, 'epoch': 0.97}
{'train_runtime': 1841.4736, 'train_samples_per_second': 15.104, 'train_steps_per_second': 0.472, 'train_loss': 2.1422707060538446, 'epoch': 1.0}
DONE
