/n/holylabs/LABS/hlakkaraju_lab/Users/lilliansun/cs2281_synthetic_data /n/holylabs/LABS/hlakkaraju_lab/Users/lilliansun/cs2281_synthetic_data
/n/holylabs/LABS/hlakkaraju_lab/Users/lilliansun/cs2281_synthetic_data /n/holylabs/LABS/hlakkaraju_lab/Users/lilliansun/cs2281_synthetic_data /n/holylabs/LABS/hlakkaraju_lab/Users/lilliansun/cs2281_synthetic_data
Running finetuning_summarization_no_eval_human.py
Saving results to results/summarization/t5-small_1_no_eval_human_seed_3
Number of GPUs available: 1
GPU 0: NVIDIA H100 80GB HBM3
Model name: google/flan-t5-small
Output directory: results/summarization/
Scratch directory: /n/netscratch/hlakkaraju_lab/Everyone/lilliansun/synthetic_data/
Unique save name: t5-small_1_no_eval_human_seed_3
Dataset proportion: 1.0
Summarization train filepath: synthetic/summary_train.csv
Summarization val filepath: synthetic/summary_val.csv
Summarization test filepath: synthetic/summary_test.csv
Batch size: 8
Evaluation steps: 40
Random seed: 3
Random test: 0.23796462709189137
Numpy test: 0.5507979025745755
Torch test: 0.004263520240783691
Size of input_ids tensor: torch.Size([3000]), dtype: torch.int64
Actual sequence length: 542
Size of input_ids tensor: torch.Size([2736]), dtype: torch.int64
Actual sequence length: 293
Size of input_ids tensor: torch.Size([3000]), dtype: torch.int64
Actual sequence length: 965
{'loss': 21.7216, 'grad_norm': 45.004920959472656, 'learning_rate': 4.769850402761795e-05, 'epoch': 0.05}
{'loss': 5.4268, 'grad_norm': 19.8353328704834, 'learning_rate': 4.539700805523591e-05, 'epoch': 0.09}
{'loss': 3.53, 'grad_norm': 19.5294132232666, 'learning_rate': 4.3095512082853856e-05, 'epoch': 0.14}
{'loss': 2.8195, 'grad_norm': 20.975027084350586, 'learning_rate': 4.079401611047181e-05, 'epoch': 0.18}
{'loss': 2.2124, 'grad_norm': 22.03069305419922, 'learning_rate': 3.849252013808976e-05, 'epoch': 0.23}
{'loss': 1.7109, 'grad_norm': 19.356077194213867, 'learning_rate': 3.619102416570771e-05, 'epoch': 0.28}
{'loss': 1.3075, 'grad_norm': 14.767081260681152, 'learning_rate': 3.3889528193325666e-05, 'epoch': 0.32}
{'loss': 1.048, 'grad_norm': 9.76262378692627, 'learning_rate': 3.1588032220943615e-05, 'epoch': 0.37}
{'loss': 0.8809, 'grad_norm': 6.800009250640869, 'learning_rate': 2.9286536248561568e-05, 'epoch': 0.41}
{'loss': 0.7656, 'grad_norm': 4.356895446777344, 'learning_rate': 2.698504027617952e-05, 'epoch': 0.46}
{'loss': 0.7201, 'grad_norm': 2.747516393661499, 'learning_rate': 2.468354430379747e-05, 'epoch': 0.51}
{'loss': 0.67, 'grad_norm': 1.9892116785049438, 'learning_rate': 2.238204833141542e-05, 'epoch': 0.55}
{'loss': 0.6399, 'grad_norm': 1.3803201913833618, 'learning_rate': 2.008055235903337e-05, 'epoch': 0.6}
{'loss': 0.6263, 'grad_norm': 1.0700266361236572, 'learning_rate': 1.7779056386651323e-05, 'epoch': 0.64}
{'loss': 0.6124, 'grad_norm': 0.862170398235321, 'learning_rate': 1.5477560414269276e-05, 'epoch': 0.69}
{'loss': 0.6055, 'grad_norm': 0.742621660232544, 'learning_rate': 1.3176064441887228e-05, 'epoch': 0.74}
{'loss': 0.6011, 'grad_norm': 0.6938079595565796, 'learning_rate': 1.0874568469505179e-05, 'epoch': 0.78}
{'loss': 0.6055, 'grad_norm': 0.5974283814430237, 'learning_rate': 8.57307249712313e-06, 'epoch': 0.83}
{'loss': 0.603, 'grad_norm': 0.5985496044158936, 'learning_rate': 6.271576524741082e-06, 'epoch': 0.87}
{'loss': 0.5961, 'grad_norm': 0.5604863166809082, 'learning_rate': 3.970080552359034e-06, 'epoch': 0.92}
{'loss': 0.6022, 'grad_norm': 0.5698027014732361, 'learning_rate': 1.668584579976985e-06, 'epoch': 0.97}
{'train_runtime': 1879.461, 'train_samples_per_second': 14.799, 'train_steps_per_second': 0.462, 'train_loss': 2.2433737918340158, 'epoch': 1.0}
DONE
