/n/holylabs/LABS/hlakkaraju_lab/Users/lilliansun/cs2281_synthetic_data /n/holylabs/LABS/hlakkaraju_lab/Users/lilliansun/cs2281_synthetic_data
/n/holylabs/LABS/hlakkaraju_lab/Users/lilliansun/cs2281_synthetic_data /n/holylabs/LABS/hlakkaraju_lab/Users/lilliansun/cs2281_synthetic_data /n/holylabs/LABS/hlakkaraju_lab/Users/lilliansun/cs2281_synthetic_data
Running finetuning_summarization_no_eval.py
Saving results to results/summarization/t5-base_1_no_eval_seed_3
Number of GPUs available: 1
GPU 0: NVIDIA H100 80GB HBM3
Model name: google/flan-t5-base
Output directory: results/summarization/
Scratch directory: /n/netscratch/hlakkaraju_lab/Everyone/lilliansun/synthetic_data/
Unique save name: t5-base_1_no_eval_seed_3
Dataset proportion: 1.0
Summarization train filepath: synthetic/summary_train.csv
Summarization val filepath: synthetic/summary_val.csv
Summarization test filepath: synthetic/summary_test.csv
Batch size: 8
Evaluation steps: 40
Random seed: 3
Random test: 0.23796462709189137
Numpy test: 0.5507979025745755
Torch test: 0.004263520240783691
Size of input_ids tensor: torch.Size([3000]), dtype: torch.int64
Actual sequence length: 542
Size of input_ids tensor: torch.Size([2736]), dtype: torch.int64
Actual sequence length: 293
Size of input_ids tensor: torch.Size([3000]), dtype: torch.int64
Actual sequence length: 965
{'loss': 9.7148, 'grad_norm': 8.737177848815918, 'learning_rate': 4.769850402761795e-05, 'epoch': 0.05}
{'loss': 2.1588, 'grad_norm': 6.114268779754639, 'learning_rate': 4.539700805523591e-05, 'epoch': 0.09}
{'loss': 1.2058, 'grad_norm': 1.0000349283218384, 'learning_rate': 4.3095512082853856e-05, 'epoch': 0.14}
{'loss': 1.0275, 'grad_norm': 0.5287761688232422, 'learning_rate': 4.079401611047181e-05, 'epoch': 0.18}
{'loss': 0.9749, 'grad_norm': 0.5311253070831299, 'learning_rate': 3.849252013808976e-05, 'epoch': 0.23}
{'loss': 0.9734, 'grad_norm': 0.5482586622238159, 'learning_rate': 3.619102416570771e-05, 'epoch': 0.28}
{'loss': 0.9502, 'grad_norm': 0.465238094329834, 'learning_rate': 3.3889528193325666e-05, 'epoch': 0.32}
{'loss': 0.9434, 'grad_norm': 0.5075927376747131, 'learning_rate': 3.1588032220943615e-05, 'epoch': 0.37}
{'loss': 0.9308, 'grad_norm': 0.5655931234359741, 'learning_rate': 2.9286536248561568e-05, 'epoch': 0.41}
{'loss': 0.9275, 'grad_norm': 0.5416191816329956, 'learning_rate': 2.698504027617952e-05, 'epoch': 0.46}
{'loss': 0.9303, 'grad_norm': 0.4669305086135864, 'learning_rate': 2.468354430379747e-05, 'epoch': 0.51}
{'loss': 0.93, 'grad_norm': 0.520967960357666, 'learning_rate': 2.238204833141542e-05, 'epoch': 0.55}
{'loss': 0.9248, 'grad_norm': 0.536328911781311, 'learning_rate': 2.008055235903337e-05, 'epoch': 0.6}
{'loss': 0.9248, 'grad_norm': 0.5092589855194092, 'learning_rate': 1.7779056386651323e-05, 'epoch': 0.64}
{'loss': 0.9174, 'grad_norm': 0.4378073215484619, 'learning_rate': 1.5477560414269276e-05, 'epoch': 0.69}
{'loss': 0.9122, 'grad_norm': 0.5365375280380249, 'learning_rate': 1.3176064441887228e-05, 'epoch': 0.74}
{'loss': 0.9108, 'grad_norm': 0.45545440912246704, 'learning_rate': 1.0874568469505179e-05, 'epoch': 0.78}
{'loss': 0.9199, 'grad_norm': 0.5147015452384949, 'learning_rate': 8.57307249712313e-06, 'epoch': 0.83}
{'loss': 0.9145, 'grad_norm': 0.4508793354034424, 'learning_rate': 6.271576524741082e-06, 'epoch': 0.87}
{'loss': 0.904, 'grad_norm': 0.4606773853302002, 'learning_rate': 3.970080552359034e-06, 'epoch': 0.92}
{'loss': 0.9146, 'grad_norm': 0.4572169780731201, 'learning_rate': 1.668584579976985e-06, 'epoch': 0.97}
{'train_runtime': 5983.7848, 'train_samples_per_second': 4.648, 'train_steps_per_second': 0.145, 'train_loss': 1.406903542363877, 'epoch': 1.0}
DONE
