/n/holylabs/LABS/hlakkaraju_lab/Users/lilliansun/cs2281_synthetic_data /n/holylabs/LABS/hlakkaraju_lab/Users/lilliansun/cs2281_synthetic_data
/n/holylabs/LABS/hlakkaraju_lab/Users/lilliansun/cs2281_synthetic_data /n/holylabs/LABS/hlakkaraju_lab/Users/lilliansun/cs2281_synthetic_data /n/holylabs/LABS/hlakkaraju_lab/Users/lilliansun/cs2281_synthetic_data
Running finetuning_summarization_no_eval.py
Saving results to results/summarization/t5-small_1_no_eval_seed_1
Number of GPUs available: 1
GPU 0: NVIDIA H100 80GB HBM3
Model name: google/flan-t5-small
Output directory: results/summarization/
Scratch directory: /n/netscratch/hlakkaraju_lab/Everyone/lilliansun/synthetic_data/
Unique save name: t5-small_1_no_eval_seed_1
Dataset proportion: 1.0
Summarization train filepath: synthetic/summary_train.csv
Summarization val filepath: synthetic/summary_val.csv
Summarization test filepath: synthetic/summary_test.csv
Batch size: 8
Evaluation steps: 40
Random seed: 1
Random test: 0.13436424411240122
Numpy test: 0.417022004702574
Torch test: 0.7576315999031067
Size of input_ids tensor: torch.Size([3000]), dtype: torch.int64
Actual sequence length: 542
Size of input_ids tensor: torch.Size([2736]), dtype: torch.int64
Actual sequence length: 293
Size of input_ids tensor: torch.Size([3000]), dtype: torch.int64
Actual sequence length: 965
{'loss': 11.7328, 'grad_norm': 11.8270902633667, 'learning_rate': 4.769850402761795e-05, 'epoch': 0.05}
{'loss': 4.0429, 'grad_norm': 10.159252166748047, 'learning_rate': 4.539700805523591e-05, 'epoch': 0.09}
{'loss': 3.0032, 'grad_norm': 11.544717788696289, 'learning_rate': 4.3095512082853856e-05, 'epoch': 0.14}
{'loss': 2.6141, 'grad_norm': 12.190374374389648, 'learning_rate': 4.079401611047181e-05, 'epoch': 0.18}
{'loss': 2.2806, 'grad_norm': 12.82471752166748, 'learning_rate': 3.849252013808976e-05, 'epoch': 0.23}
{'loss': 1.9983, 'grad_norm': 12.73587703704834, 'learning_rate': 3.619102416570771e-05, 'epoch': 0.28}
{'loss': 1.7523, 'grad_norm': 10.551012992858887, 'learning_rate': 3.3889528193325666e-05, 'epoch': 0.32}
{'loss': 1.5848, 'grad_norm': 7.985878944396973, 'learning_rate': 3.1588032220943615e-05, 'epoch': 0.37}
{'loss': 1.472, 'grad_norm': 5.652063846588135, 'learning_rate': 2.9286536248561568e-05, 'epoch': 0.41}
{'loss': 1.3831, 'grad_norm': 3.984196901321411, 'learning_rate': 2.698504027617952e-05, 'epoch': 0.46}
{'loss': 1.3466, 'grad_norm': 2.624724864959717, 'learning_rate': 2.468354430379747e-05, 'epoch': 0.51}
{'loss': 1.2931, 'grad_norm': 1.9307295083999634, 'learning_rate': 2.238204833141542e-05, 'epoch': 0.55}
{'loss': 1.2516, 'grad_norm': 1.5280418395996094, 'learning_rate': 2.008055235903337e-05, 'epoch': 0.6}
{'loss': 1.2472, 'grad_norm': 1.1575194597244263, 'learning_rate': 1.7779056386651323e-05, 'epoch': 0.64}
{'loss': 1.2195, 'grad_norm': 0.9796076416969299, 'learning_rate': 1.5477560414269276e-05, 'epoch': 0.69}
{'loss': 1.2084, 'grad_norm': 0.8949660062789917, 'learning_rate': 1.3176064441887228e-05, 'epoch': 0.74}
{'loss': 1.2035, 'grad_norm': 0.7976714968681335, 'learning_rate': 1.0874568469505179e-05, 'epoch': 0.78}
{'loss': 1.202, 'grad_norm': 0.8529248833656311, 'learning_rate': 8.57307249712313e-06, 'epoch': 0.83}
{'loss': 1.1974, 'grad_norm': 0.7327910661697388, 'learning_rate': 6.271576524741082e-06, 'epoch': 0.87}
{'loss': 1.1989, 'grad_norm': 0.7569418549537659, 'learning_rate': 3.970080552359034e-06, 'epoch': 0.92}
{'loss': 1.1995, 'grad_norm': 0.7191319465637207, 'learning_rate': 1.668584579976985e-06, 'epoch': 0.97}
{'train_runtime': 1839.7063, 'train_samples_per_second': 15.119, 'train_steps_per_second': 0.472, 'train_loss': 2.1315092650875536, 'epoch': 1.0}
DONE
