/n/holylabs/LABS/hlakkaraju_lab/Users/lilliansun/cs2281_synthetic_data /n/holylabs/LABS/hlakkaraju_lab/Users/lilliansun/cs2281_synthetic_data
/n/holylabs/LABS/hlakkaraju_lab/Users/lilliansun/cs2281_synthetic_data /n/holylabs/LABS/hlakkaraju_lab/Users/lilliansun/cs2281_synthetic_data /n/holylabs/LABS/hlakkaraju_lab/Users/lilliansun/cs2281_synthetic_data
Running finetuning_summarization_no_eval_human.py
Saving results to results/summarization/t5-base_1_no_eval_human_seed_2
Number of GPUs available: 1
GPU 0: NVIDIA H100 80GB HBM3
Model name: google/flan-t5-base
Output directory: results/summarization/
Scratch directory: /n/netscratch/hlakkaraju_lab/Everyone/lilliansun/synthetic_data/
Unique save name: t5-base_1_no_eval_human_seed_2
Dataset proportion: 1.0
Summarization train filepath: synthetic/summary_train.csv
Summarization val filepath: synthetic/summary_val.csv
Summarization test filepath: synthetic/summary_test.csv
Batch size: 8
Evaluation steps: 40
Random seed: 2
Random test: 0.9560342718892494
Numpy test: 0.43599490214200376
Torch test: 0.6146950721740723
Size of input_ids tensor: torch.Size([3000]), dtype: torch.int64
Actual sequence length: 542
Size of input_ids tensor: torch.Size([2736]), dtype: torch.int64
Actual sequence length: 293
Size of input_ids tensor: torch.Size([3000]), dtype: torch.int64
Actual sequence length: 965
{'loss': 14.6805, 'grad_norm': 12.4688720703125, 'learning_rate': 4.769850402761795e-05, 'epoch': 0.05}
{'loss': 2.3223, 'grad_norm': 8.067021369934082, 'learning_rate': 4.539700805523591e-05, 'epoch': 0.09}
{'loss': 0.7587, 'grad_norm': 1.1420791149139404, 'learning_rate': 4.3095512082853856e-05, 'epoch': 0.14}
{'loss': 0.532, 'grad_norm': 0.39716795086860657, 'learning_rate': 4.079401611047181e-05, 'epoch': 0.18}
{'loss': 0.4992, 'grad_norm': 0.3353777825832367, 'learning_rate': 3.849252013808976e-05, 'epoch': 0.23}
{'loss': 0.4981, 'grad_norm': 0.28876784443855286, 'learning_rate': 3.619102416570771e-05, 'epoch': 0.28}
{'loss': 0.4911, 'grad_norm': 0.2822535037994385, 'learning_rate': 3.3889528193325666e-05, 'epoch': 0.32}
{'loss': 0.4834, 'grad_norm': 0.26064398884773254, 'learning_rate': 3.1588032220943615e-05, 'epoch': 0.37}
{'loss': 0.4855, 'grad_norm': 0.2820589542388916, 'learning_rate': 2.9286536248561568e-05, 'epoch': 0.41}
{'loss': 0.4791, 'grad_norm': 0.30813372135162354, 'learning_rate': 2.698504027617952e-05, 'epoch': 0.46}
{'loss': 0.4888, 'grad_norm': 0.2586323022842407, 'learning_rate': 2.468354430379747e-05, 'epoch': 0.51}
{'loss': 0.4846, 'grad_norm': 0.274117112159729, 'learning_rate': 2.238204833141542e-05, 'epoch': 0.55}
{'loss': 0.482, 'grad_norm': 0.33405447006225586, 'learning_rate': 2.008055235903337e-05, 'epoch': 0.6}
{'loss': 0.4838, 'grad_norm': 0.2751496434211731, 'learning_rate': 1.7779056386651323e-05, 'epoch': 0.64}
{'loss': 0.4781, 'grad_norm': 0.28302183747291565, 'learning_rate': 1.5477560414269276e-05, 'epoch': 0.69}
{'loss': 0.4847, 'grad_norm': 0.282122403383255, 'learning_rate': 1.3176064441887228e-05, 'epoch': 0.74}
{'loss': 0.4815, 'grad_norm': 0.2566480040550232, 'learning_rate': 1.0874568469505179e-05, 'epoch': 0.78}
{'loss': 0.4757, 'grad_norm': 0.27216118574142456, 'learning_rate': 8.57307249712313e-06, 'epoch': 0.83}
{'loss': 0.4757, 'grad_norm': 0.3423197567462921, 'learning_rate': 6.271576524741082e-06, 'epoch': 0.87}
{'loss': 0.4773, 'grad_norm': 0.28568005561828613, 'learning_rate': 3.970080552359034e-06, 'epoch': 0.92}
{'loss': 0.482, 'grad_norm': 0.3220430314540863, 'learning_rate': 1.668584579976985e-06, 'epoch': 0.97}
{'train_runtime': 6115.9093, 'train_samples_per_second': 4.548, 'train_steps_per_second': 0.142, 'train_loss': 1.2367700087324522, 'epoch': 1.0}
DONE
