/n/holylabs/LABS/hlakkaraju_lab/Users/lilliansun/cs2281_synthetic_data /n/holylabs/LABS/hlakkaraju_lab/Users/lilliansun/cs2281_synthetic_data
/n/holylabs/LABS/hlakkaraju_lab/Users/lilliansun/cs2281_synthetic_data /n/holylabs/LABS/hlakkaraju_lab/Users/lilliansun/cs2281_synthetic_data /n/holylabs/LABS/hlakkaraju_lab/Users/lilliansun/cs2281_synthetic_data
Running finetuning_summarization_no_eval_human.py
Saving results to results/summarization/t5-large_1_no_eval_human_seed_1
Number of GPUs available: 1
GPU 0: NVIDIA H100 80GB HBM3
Model name: google/flan-t5-large
Output directory: results/summarization/
Scratch directory: /n/netscratch/hlakkaraju_lab/Everyone/lilliansun/synthetic_data/
Unique save name: t5-large_1_no_eval_human_seed_1
Dataset proportion: 1.0
Summarization train filepath: synthetic/summary_train.csv
Summarization val filepath: synthetic/summary_val.csv
Summarization test filepath: synthetic/summary_test.csv
Batch size: 8
Evaluation steps: 40
Random seed: 1
Random test: 0.13436424411240122
Numpy test: 0.417022004702574
Torch test: 0.7576315999031067
Size of input_ids tensor: torch.Size([3000]), dtype: torch.int64
Actual sequence length: 542
Size of input_ids tensor: torch.Size([2736]), dtype: torch.int64
Actual sequence length: 293
Size of input_ids tensor: torch.Size([3000]), dtype: torch.int64
Actual sequence length: 965
{'loss': 15.728, 'grad_norm': 1292.58740234375, 'learning_rate': 4.769850402761795e-05, 'epoch': 0.05}
{'loss': 1.9154, 'grad_norm': 0.7964287996292114, 'learning_rate': 4.539700805523591e-05, 'epoch': 0.09}
{'loss': 0.4309, 'grad_norm': 0.258138507604599, 'learning_rate': 4.3095512082853856e-05, 'epoch': 0.14}
{'loss': 0.4252, 'grad_norm': 0.23475061357021332, 'learning_rate': 4.079401611047181e-05, 'epoch': 0.18}
{'loss': 0.4168, 'grad_norm': 0.2063114047050476, 'learning_rate': 3.849252013808976e-05, 'epoch': 0.23}
{'loss': 0.4137, 'grad_norm': 0.20887413620948792, 'learning_rate': 3.619102416570771e-05, 'epoch': 0.28}
{'loss': 0.4093, 'grad_norm': 0.23905007541179657, 'learning_rate': 3.3889528193325666e-05, 'epoch': 0.32}
{'loss': 0.4085, 'grad_norm': 0.23720134794712067, 'learning_rate': 3.1588032220943615e-05, 'epoch': 0.37}
{'loss': 0.4133, 'grad_norm': 0.23663242161273956, 'learning_rate': 2.9286536248561568e-05, 'epoch': 0.41}
{'loss': 0.4086, 'grad_norm': 0.19215130805969238, 'learning_rate': 2.698504027617952e-05, 'epoch': 0.46}
{'loss': 0.4096, 'grad_norm': 0.2446330487728119, 'learning_rate': 2.468354430379747e-05, 'epoch': 0.51}
{'loss': 0.4089, 'grad_norm': 0.22506654262542725, 'learning_rate': 2.238204833141542e-05, 'epoch': 0.55}
{'loss': 0.4101, 'grad_norm': 0.20020490884780884, 'learning_rate': 2.008055235903337e-05, 'epoch': 0.6}
{'loss': 0.4031, 'grad_norm': 0.1871829777956009, 'learning_rate': 1.7779056386651323e-05, 'epoch': 0.64}
{'loss': 0.4059, 'grad_norm': 0.23087197542190552, 'learning_rate': 1.5477560414269276e-05, 'epoch': 0.69}
{'loss': 0.4094, 'grad_norm': 0.22935736179351807, 'learning_rate': 1.3176064441887228e-05, 'epoch': 0.74}
{'loss': 0.4123, 'grad_norm': 0.23571786284446716, 'learning_rate': 1.0874568469505179e-05, 'epoch': 0.78}
{'loss': 0.4075, 'grad_norm': 0.21197770535945892, 'learning_rate': 8.57307249712313e-06, 'epoch': 0.83}
{'loss': 0.403, 'grad_norm': 0.2061556726694107, 'learning_rate': 6.271576524741082e-06, 'epoch': 0.87}
{'loss': 0.4044, 'grad_norm': 0.23455020785331726, 'learning_rate': 3.970080552359034e-06, 'epoch': 0.92}
{'loss': 0.3999, 'grad_norm': 0.20735584199428558, 'learning_rate': 1.668584579976985e-06, 'epoch': 0.97}
{'train_runtime': 17951.4415, 'train_samples_per_second': 1.549, 'train_steps_per_second': 0.048, 'train_loss': 1.1846839029028995, 'epoch': 1.0}
DONE
